0 info it worked if it ends with ok
1 verbose cli [ 'C:\\Program Files\\nodejs\\node.exe',
1 verbose cli   'C:\\Program Files\\nodejs\\node_modules\\npm\\bin\\npm-cli.js',
1 verbose cli   'start' ]
2 info using npm@3.10.10
3 info using node@v6.10.3
4 verbose run-script [ 'prestart', 'start', 'poststart' ]
5 info lifecycle paper-project@1.3.0~prestart: paper-project@1.3.0
6 silly lifecycle paper-project@1.3.0~prestart: no script for prestart, continuing
7 info lifecycle paper-project@1.3.0~start: paper-project@1.3.0
8 verbose lifecycle paper-project@1.3.0~start: unsafe-perm in lifecycle true
9 verbose lifecycle paper-project@1.3.0~start: PATH: C:\Users\Majid\AppData\Roaming\nvm\v6.10.3\node_modules\npm\bin\node-gyp-bin;C:\Taheri\react-core\server\node_modules\.bin;C:\Windows\system32;C:\Windows;C:\Windows\System32\Wbem;C:\Windows\System32\WindowsPowerShell\v1.0\;C:\Program Files (x86)\Windows Kits\10\Windows Performance Toolkit\;C:\Program Files\Microsoft SQL Server\130\Tools\Binn\;C:\Program Files\dotnet\;C:\Program Files\Microsoft SQL Server\Client SDK\ODBC\130\Tools\Binn\;C:\Program Files (x86)\Microsoft SQL Server\130\Tools\Binn\;C:\Program Files\Microsoft SQL Server\130\DTS\Binn\;C:\Program Files (x86)\Microsoft SQL Server\Client SDK\ODBC\130\Tools\Binn\;C:\Program Files (x86)\Microsoft SQL Server\140\Tools\Binn\;C:\Program Files (x86)\Microsoft SQL Server\140\DTS\Binn\;C:\Program Files (x86)\Microsoft SQL Server\140\Tools\Binn\ManagementStudio\;C:\Program Files (x86)\GtkSharp\2.12\bin;C:\Program Files (x86)\GitExtensions\;C:\Program Files\Microsoft SQL Server\120\Tools\Binn\;C:\Users\M_M\AppData\Local\Microsoft\WindowsApps;C:\Users\M_M\AppData\Roaming\npm;C:\Program Files\Java\jdk1.8;C:\Program Files\Git\cmd;C:\Program Files\Microsoft Network Monitor 3\;C:\Program Files\PuTTY\;%NVM_HOME%;%NVM_SYMLINK%;C:\Users\Majid\AppData\Local\Microsoft\WindowsApps;C:\Users\Majid\AppData\Local\GitHubDesktop\bin;C:\Program Files\Microsoft VS Code\bin;C:\Users\Majid\AppData\Roaming\nvm;C:\Program Files\nodejs
10 verbose lifecycle paper-project@1.3.0~start: CWD: C:\Taheri\react-core\server
11 silly lifecycle paper-project@1.3.0~start: Args: [ '/d /s /c', 'node server.js' ]
12 silly lifecycle paper-project@1.3.0~start: Returned: code: 1  signal: null
13 info lifecycle paper-project@1.3.0~start: Failed to exec start script
14 verbose stack Error: paper-project@1.3.0 start: `node server.js`
14 verbose stack Exit status 1
14 verbose stack     at EventEmitter.<anonymous> (C:\Users\Majid\AppData\Roaming\nvm\v6.10.3\node_modules\npm\lib\utils\lifecycle.js:255:16)
14 verbose stack     at emitTwo (events.js:106:13)
14 verbose stack     at EventEmitter.emit (events.js:191:7)
14 verbose stack     at ChildProcess.<anonymous> (C:\Users\Majid\AppData\Roaming\nvm\v6.10.3\node_modules\npm\lib\utils\spawn.js:40:14)
14 verbose stack     at emitTwo (events.js:106:13)
14 verbose stack     at ChildProcess.emit (events.js:191:7)
14 verbose stack     at maybeClose (internal/child_process.js:886:16)
14 verbose stack     at Process.ChildProcess._handle.onexit (internal/child_process.js:226:5)
15 verbose pkgid paper-project@1.3.0
16 verbose cwd C:\Taheri\react-core\server
17 error Windows_NT 10.0.15063
18 error argv "C:\\Program Files\\nodejs\\node.exe" "C:\\Program Files\\nodejs\\node_modules\\npm\\bin\\npm-cli.js" "start"
19 error node v6.10.3
20 error npm  v3.10.10
21 error code ELIFECYCLE
22 error paper-project@1.3.0 start: `node server.js`
22 error Exit status 1
23 error Failed at the paper-project@1.3.0 start script 'node server.js'.
23 error Make sure you have the latest version of node.js and npm installed.
23 error If you do, this is most likely a problem with the paper-project package,
23 error not with npm itself.
23 error Tell the author that this fails on your system:
23 error     node server.js
23 error You can get information on how to open an issue for this project with:
23 error     npm bugs paper-project
23 error Or if that isn't available, you can get their info via:
23 error     npm owner ls paper-project
23 error There is likely additional logging output above.
24 verbose exit [ 1, true ]
